0 info it worked if it ends with ok
1 verbose cli [ 'C:\\Program Files\\nodejs\\node.exe',
1 verbose cli   'C:\\Users\\koleda_v\\AppData\\Roaming\\npm\\node_modules\\npm\\bin\\npm-cli.js',
1 verbose cli   'run',
1 verbose cli   'build' ]
2 info using npm@3.9.6
3 info using node@v6.10.3
4 verbose run-script [ 'prebuild', 'build', 'postbuild' ]
5 info lifecycle ef.lms365.ms-teams.web@1.0.2~prebuild: ef.lms365.ms-teams.web@1.0.2
6 silly lifecycle ef.lms365.ms-teams.web@1.0.2~prebuild: no script for prebuild, continuing
7 info lifecycle ef.lms365.ms-teams.web@1.0.2~build: ef.lms365.ms-teams.web@1.0.2
8 verbose lifecycle ef.lms365.ms-teams.web@1.0.2~build: unsafe-perm in lifecycle true
9 verbose lifecycle ef.lms365.ms-teams.web@1.0.2~build: PATH: C:\Users\koleda_v\AppData\Roaming\npm\node_modules\npm\bin\node-gyp-bin;h:\ef\lms365.ms-teams\server.web\node_modules\.bin;C:\Program Files\nodejs;C:\ProgramData\Oracle\Java\javapath;C:\Windows\system32;C:\Windows;C:\Windows\System32\Wbem;C:\Program Files (x86)\Windows Kits\8.1\Windows Performance Toolkit\;C:\Program Files\Microsoft SQL Server\110\Tools\Binn\;C:\Windows\System32\WindowsPowerShell\v1.0\;C:\Program Files\Common Files\Microsoft Shared\Web Server Extensions\15\BIN\;C:\Program Files (x86)\Microsoft SDKs\Windows\v8.1A\bin\NETFX 4.5.1 Tools\;C:\Program Files\Microsoft Office Servers\15.0\Bin\;C:\Program Files (x86)\Microsoft SQL Server\110\Tools\Binn\ManagementStudio\;C:\Program Files (x86)\Microsoft SQL Server\110\Tools\Binn\;C:\Program Files (x86)\Microsoft SQL Server\110\DTS\Binn\;C:\Program Files\Microsoft SQL Server\110\DTS\Binn\;C:\Program Files (x86)\Microsoft Team Foundation Server 2013 Power Tools\;C:\Program Files (x86)\Microsoft Team Foundation Server 2013 Power Tools\Best Practices Analyzer\;C:\Windows\System32\WindowsPowerShell\v1.0\;C:\Program Files\Microsoft\Web Platform Installer\;C:\Program Files\Microsoft SQL Server\120\Tools\Binn\;C:\Program Files\Windows Fabric\bin\Fabric\Fabric.Code.1.0;C:\Program Files\Git\cmd;C:\ProgramData\chocolatey\bin;C:\Program Files\Java\jdk1.8.0_102\bin;C:\Users\koleda_v\AppData\Local\Android\android-sdk\tools;C:\Users\koleda_v\AppData\Local\Android\android-sdk\platform-tools;C:\Program Files\dotnet\;C:\Program Files\nodejs\;C:\Program Files (x86)\Skype\Phone\;C:\Windows\System32\WindowsPowerShell\v1.0\;C:\Program Files (x86)\Yarn\bin;C:\Users\koleda_v\.dnx\runtimes\dnx-clr-win-x86.1.0.0-rc1-update2\bin;C:\Users\koleda_v\.dnx\bin;C:\Program Files (x86)\Microsoft VS Code\bin;C:\Users\koleda_v\AppData\Roaming\npm;C:\Users\koleda_v\AppData\Local\Programs\Fiddler;C:\Users\koleda_v\AppData\Local\Yarn\bin
10 verbose lifecycle ef.lms365.ms-teams.web@1.0.2~build: CWD: h:\ef\lms365.ms-teams\server.web
11 silly lifecycle ef.lms365.ms-teams.web@1.0.2~build: Args: [ '/d /s /c', 'tsc' ]
12 silly lifecycle ef.lms365.ms-teams.web@1.0.2~build: Returned: code: 2  signal: null
13 info lifecycle ef.lms365.ms-teams.web@1.0.2~build: Failed to exec build script
14 verbose stack Error: ef.lms365.ms-teams.web@1.0.2 build: `tsc`
14 verbose stack Exit status 2
14 verbose stack     at EventEmitter.<anonymous> (C:\Users\koleda_v\AppData\Roaming\npm\node_modules\npm\lib\utils\lifecycle.js:245:16)
14 verbose stack     at emitTwo (events.js:106:13)
14 verbose stack     at EventEmitter.emit (events.js:191:7)
14 verbose stack     at ChildProcess.<anonymous> (C:\Users\koleda_v\AppData\Roaming\npm\node_modules\npm\lib\utils\spawn.js:24:14)
14 verbose stack     at emitTwo (events.js:106:13)
14 verbose stack     at ChildProcess.emit (events.js:191:7)
14 verbose stack     at maybeClose (internal/child_process.js:886:16)
14 verbose stack     at Process.ChildProcess._handle.onexit (internal/child_process.js:226:5)
15 verbose pkgid ef.lms365.ms-teams.web@1.0.2
16 verbose cwd h:\ef\lms365.ms-teams\server.web
17 error Windows_NT 6.1.7601
18 error argv "C:\\Program Files\\nodejs\\node.exe" "C:\\Users\\koleda_v\\AppData\\Roaming\\npm\\node_modules\\npm\\bin\\npm-cli.js" "run" "build"
19 error node v6.10.3
20 error npm  v3.9.6
21 error code ELIFECYCLE
22 error ef.lms365.ms-teams.web@1.0.2 build: `tsc`
22 error Exit status 2
23 error Failed at the ef.lms365.ms-teams.web@1.0.2 build script 'tsc'.
23 error Make sure you have the latest version of node.js and npm installed.
23 error If you do, this is most likely a problem with the ef.lms365.ms-teams.web package,
23 error not with npm itself.
23 error Tell the author that this fails on your system:
23 error     tsc
23 error You can get information on how to open an issue for this project with:
23 error     npm bugs ef.lms365.ms-teams.web
23 error Or if that isn't available, you can get their info via:
23 error     npm owner ls ef.lms365.ms-teams.web
23 error There is likely additional logging output above.
24 verbose exit [ 1, true ]
